#
# There is insufficient memory for the Java Runtime Environment to continue.
# Native memory allocation (mmap) failed to map 123731968 bytes. Error detail: G1 virtual space
# Possible reasons:
#   The system is out of physical RAM or swap space
#   This process is running with CompressedOops enabled, and the Java Heap may be blocking the growth of the native heap
# Possible solutions:
#   Reduce memory load on the system
#   Increase physical memory or swap space
#   Check if swap backing store is full
#   Decrease Java heap size (-Xmx/-Xms)
#   Decrease number of Java threads
#   Decrease Java thread stack sizes (-Xss)
#   Set larger code cache with -XX:ReservedCodeCacheSize=
#   JVM is running with Unscaled Compressed Oops mode in which the Java heap is
#     placed in the first 4GB address space. The Java Heap base address is the
#     maximum limit for the native heap growth. Please use -XX:HeapBaseMinAddress
#     to set the Java Heap base and to place the Java Heap above 4GB virtual address.
# This output file may be truncated or incomplete.
#
#  Out of Memory Error (os_windows.cpp:3828), pid=18240, tid=9380
#
# JRE version:  (21.0.5) (build )
# Java VM: OpenJDK 64-Bit Server VM (21.0.5+-12932927-b750.29, mixed mode, sharing, tiered, compressed oops, compressed class ptrs, g1 gc, windows-amd64)
# No core dump will be written. Minidumps are not enabled by default on client versions of Windows
#

---------------  S U M M A R Y ------------

Command Line: -Djava.awt.headless=true -Djava.library.path=C:\Program Files\Android\Android Studio\jbr\bin;C:\WINDOWS\Sun\Java\bin;C:\WINDOWS\system32;C:\WINDOWS;C:\Program Files\NVIDIA GPU Computing Toolkit\CUDA\v12.1\bin;C:\Program Files\NVIDIA GPU Computing Toolkit\CUDA\v12.1\libnvvp;C:\Program Files\Common Files\Oracle\Java\javapath;C:\Program Files (x86)\Common Files\Oracle\Java\java8path;C:\Program Files (x86)\Common Files\Oracle\Java\javapath;C:\app\User\product\21c\dbhomeXE\bin;C:\Program Files\Python310\Scripts\;C:\Program Files\Python310\;C:\Windows\system32;C:\Windows;C:\Windows\System32\Wbem;C:\Windows\System32\WindowsPowerShell\v1.0\;C:\Windows\System32\OpenSSH\;C:\Program Files (x86)\NVIDIA Corporation\PhysX\Common;C:\Program Files\NVIDIA Corporation\NVIDIA NvDLISR;C:\Program Files\Microsoft SQL Server\150\Tools\Binn\;C:\Program Files\Microsoft SQL Server\Client SDK\ODBC\170\Tools\Binn\;C:\Program Files\dotnet\;C:\WINDOWS\system32;C:\WINDOWS;C:\WINDOWS\System32\Wbem;C:\WINDOWS\System32\WindowsPowerShell\v1.0\;C:\WINDOWS\System32\OpenSSH\;C:\Program Files\Git\cmd;C:\Users\Public\bin;C:\Users\User\bin;C:\Users\User\AppData\Roaming\Python\Python310\site-packages;C:\Users\User\AppData\Roaming\Python\Python310\Scripts;c:\Users\User\cursor\resources\app\bin;JAVA_HOME;;C:\WINDOWS\system32;C:\WINDOWS;C:\WINDOWS\System32\Wbem;C:\WINDOWS\System32\WindowsPowerShell\v1.0\;C:\WINDOWS\System32\OpenSSH\;C:\Program Files\NVIDIA Corporation\Nsight Compute 2023.1.0\;C:\Users\User\AppData\Local\Microsoft\WindowsApps;C:\Users\User\.dotnet\tools;C:\Users\User\AppData\Local\Programs\Microsoft VS Code\bin;C:\Users\User\cursor\resources\app\bin;;.;C:\Users\User\Downloads\vto 1\VTO\app\src\testRelease\jniLibs;C:\Users\User\Downloads\vto 1\VTO\app\src\test\jniLibs -Dorg.gradle.internal.worker.tmpdir=C:\Users\User\Downloads\vto 1\VTO\app\build\tmp\testReleaseUnitTest\work --add-opens=java.base/java.io=ALL-UNNAMED -Xmx512m -Dfile.encoding=UTF-8 -Duser.country=MY -Duser.language=en -Duser.variant -ea worker.org.gradle.process.internal.worker.GradleWorkerMain 'Gradle Test Executor 2'

Host: AMD Ryzen 7 5800H with Radeon Graphics         , 16 cores, 7G,  Windows 11 , 64 bit Build 26100 (10.0.26100.3775)
Time: Thu Apr 24 18:26:18 2025 Malay Peninsula Standard Time elapsed time: 1.307033 seconds (0d 0h 0m 1s)

---------------  T H R E A D  ---------------

Current thread (0x000001dcd744dbc0):  JavaThread "Unknown thread" [_thread_in_vm, id=9380, stack(0x0000005895c00000,0x0000005895d00000) (1024K)]

Stack: [0x0000005895c00000,0x0000005895d00000]
Native frames: (J=compiled Java code, j=interpreted, Vv=VM code, C=native code)
V  [jvm.dll+0x6cfb29]
V  [jvm.dll+0x85ded3]
V  [jvm.dll+0x86042e]
V  [jvm.dll+0x860b13]
V  [jvm.dll+0x27e6b6]
V  [jvm.dll+0x6cc385]
V  [jvm.dll+0x6c078a]
V  [jvm.dll+0x35525b]
V  [jvm.dll+0x35ceb6]
V  [jvm.dll+0x3aedd6]
V  [jvm.dll+0x3af0a8]
V  [jvm.dll+0x32792c]
V  [jvm.dll+0x32861b]
V  [jvm.dll+0x825919]
V  [jvm.dll+0x3bbfa8]
V  [jvm.dll+0x80ec88]
V  [jvm.dll+0x45015e]
V  [jvm.dll+0x4518c1]
C  [jli.dll+0x52ab]
C  [ucrtbase.dll+0x37b0]
C  [KERNEL32.DLL+0x2e8d7]
C  [ntdll.dll+0xb14fc]


---------------  P R O C E S S  ---------------

Threads class SMR info:
_java_thread_list=0x00007ffce9e50808, length=0, elements={
}

Java Threads: ( => current thread )
Total: 0

Other Threads:
  0x000001dcd7476570 WorkerThread "GC Thread#0"                     [id=21448, stack(0x0000005895d00000,0x0000005895e00000) (1024K)]
  0x000001dcd7498370 ConcurrentGCThread "G1 Main Marker"            [id=3124, stack(0x0000005895e00000,0x0000005895f00000) (1024K)]
  0x000001dcd7498e70 WorkerThread "G1 Conc#0"                       [id=1748, stack(0x0000005895f00000,0x0000005896000000) (1024K)]

[error occurred during error reporting (printing all threads), id 0xc0000005, EXCEPTION_ACCESS_VIOLATION (0xc0000005) at pc=0x00007ffce964a967]
VM state: not at safepoint (not fully initialized)

VM Mutex/Monitor currently owned by a thread:  ([mutex/lock_event])
[0x00007ffce9ebd460] Heap_lock - owner thread: 0x000001dcd744dbc0

Heap address: 0x00000000e0000000, size: 512 MB, Compressed Oops mode: 32-bit

CDS archive(s) mapped at: [0x0000000000000000-0x0000000000000000-0x0000000000000000), size 0, SharedBaseAddress: 0x0000000800000000, ArchiveRelocationMode: 1.
Narrow klass base: 0x0000000000000000, Narrow klass shift: 0, Narrow klass range: 0x0

GC Precious Log:
 CardTable entry size: 512
 Card Set container configuration: InlinePtr #cards 5 size 8 Array Of Cards #cards 12 size 40 Howl #buckets 4 coarsen threshold 1843 Howl Bitmap #cards 512 size 80 coarsen threshold 460 Card regions per heap region 1 cards per card region 2048

Heap:
 garbage-first heap   total 0K, used 0K [0x00000000e0000000, 0x0000000100000000)
  region size 1024K, 0 young (0K), 0 survivors (0K)
 Metaspace       used 0K, committed 0K, reserved 0K
  class space    used 0K, committed 0K, reserved 0K

Heap Regions: E=young(eden), S=young(survivor), O=old, HS=humongous(starts), HC=humongous(continues), CS=collection set, F=free, TAMS=top-at-mark-start, PB=parsable bottom

Card table byte_map: [0x000001dcea660000,0x000001dcea760000] _byte_map_base: 0x000001dce9f60000

Marking Bits: (CMBitMap*) 0x000001dcd7476c70
 Bits: [0x000001dcea760000, 0x000001dceaf60000)

GC Heap History (0 events):
No events

Dll operation events (1 events):
Event: 0.027 Loaded shared library C:\Program Files\Android\Android Studio\jbr\bin\java.dll

Deoptimization events (0 events):
No events

Classes loaded (0 events):
No events

Classes unloaded (0 events):
No events

Classes redefined (0 events):
No events

Internal exceptions (0 events):
No events

ZGC Phase Switch (0 events):
No events

VM Operations (0 events):
No events

Memory protections (0 events):
No events

Nmethod flushes (0 events):
No events

Events (0 events):
No events


Dynamic libraries:
0x00007ff65a8f0000 - 0x00007ff65a8fa000 	C:\Program Files\Android\Android Studio\jbr\bin\java.exe
0x00007ffd63d00000 - 0x00007ffd63f60000 	C:\WINDOWS\SYSTEM32\ntdll.dll
0x00007ffd62df0000 - 0x00007ffd62eb7000 	C:\WINDOWS\System32\KERNEL32.DLL
0x00007ffd61510000 - 0x00007ffd618da000 	C:\WINDOWS\System32\KERNELBASE.dll
0x00007ffd61020000 - 0x00007ffd6116b000 	C:\WINDOWS\System32\ucrtbase.dll
0x00007ffbabee0000 - 0x00007ffbabef8000 	C:\Program Files\Android\Android Studio\jbr\bin\jli.dll
0x00007ffd2f210000 - 0x00007ffd2f22b000 	C:\Program Files\Android\Android Studio\jbr\bin\VCRUNTIME140.dll
0x00007ffd630c0000 - 0x00007ffd6328c000 	C:\WINDOWS\System32\USER32.dll
0x00007ffd618e0000 - 0x00007ffd61907000 	C:\WINDOWS\System32\win32u.dll
0x00007ffd63470000 - 0x00007ffd6349a000 	C:\WINDOWS\System32\GDI32.dll
0x00007ffd60ee0000 - 0x00007ffd61011000 	C:\WINDOWS\System32\gdi32full.dll
0x00007ffd612f0000 - 0x00007ffd61393000 	C:\WINDOWS\System32\msvcp_win.dll
0x00007ffd4bac0000 - 0x00007ffd4bd57000 	C:\WINDOWS\WinSxS\amd64_microsoft.windows.common-controls_6595b64144ccf1df_6.0.26100.3624_none_3e086962e3345f24\COMCTL32.dll
0x00007ffd62420000 - 0x00007ffd624c9000 	C:\WINDOWS\System32\msvcrt.dll
0x00007ffd62d60000 - 0x00007ffd62d8f000 	C:\WINDOWS\System32\IMM32.DLL
0x00007ffd310d0000 - 0x00007ffd310dc000 	C:\Program Files\Android\Android Studio\jbr\bin\vcruntime140_1.dll
0x00007ffba7460000 - 0x00007ffba74ed000 	C:\Program Files\Android\Android Studio\jbr\bin\msvcp140.dll
0x00007ffce9310000 - 0x00007ffce9f9a000 	C:\Program Files\Android\Android Studio\jbr\bin\server\jvm.dll
0x00007ffd62ca0000 - 0x00007ffd62d52000 	C:\WINDOWS\System32\ADVAPI32.dll
0x00007ffd62f70000 - 0x00007ffd63016000 	C:\WINDOWS\System32\sechost.dll
0x00007ffd61b20000 - 0x00007ffd61c36000 	C:\WINDOWS\System32\RPCRT4.dll
0x00007ffd634a0000 - 0x00007ffd63514000 	C:\WINDOWS\System32\WS2_32.dll
0x00007ffd5e950000 - 0x00007ffd5e95b000 	C:\WINDOWS\SYSTEM32\VERSION.dll
0x00007ffd60d30000 - 0x00007ffd60d8e000 	C:\WINDOWS\SYSTEM32\POWRPROF.dll
0x00007ffd59d30000 - 0x00007ffd59d66000 	C:\WINDOWS\SYSTEM32\WINMM.dll
0x00007ffd60d10000 - 0x00007ffd60d24000 	C:\WINDOWS\SYSTEM32\UMPDC.dll
0x00007ffd5fcf0000 - 0x00007ffd5fd0a000 	C:\WINDOWS\SYSTEM32\kernel.appcore.dll
0x00007ffd290f0000 - 0x00007ffd290fa000 	C:\Program Files\Android\Android Studio\jbr\bin\jimage.dll
0x00007ffd526e0000 - 0x00007ffd52921000 	C:\WINDOWS\SYSTEM32\DBGHELP.DLL
0x00007ffd61d10000 - 0x00007ffd62092000 	C:\WINDOWS\System32\combase.dll
0x00007ffd63390000 - 0x00007ffd63466000 	C:\WINDOWS\System32\OLEAUT32.dll
0x00007ffd497b0000 - 0x00007ffd497e9000 	C:\WINDOWS\SYSTEM32\dbgcore.DLL
0x00007ffd61a60000 - 0x00007ffd61af9000 	C:\WINDOWS\System32\bcryptPrimitives.dll
0x00007ffd22b80000 - 0x00007ffd22ba0000 	C:\Program Files\Android\Android Studio\jbr\bin\java.dll

dbghelp: loaded successfully - version: 4.0.5 - missing functions: none
symbol engine: initialized successfully - sym options: 0x614 - pdb path: .;C:\Program Files\Android\Android Studio\jbr\bin;C:\WINDOWS\SYSTEM32;C:\WINDOWS\WinSxS\amd64_microsoft.windows.common-controls_6595b64144ccf1df_6.0.26100.3624_none_3e086962e3345f24;C:\Program Files\Android\Android Studio\jbr\bin\server

VM Arguments:
jvm_args: -Djava.awt.headless=true -Djava.library.path=C:\Program Files\Android\Android Studio\jbr\bin;C:\WINDOWS\Sun\Java\bin;C:\WINDOWS\system32;C:\WINDOWS;C:\Program Files\NVIDIA GPU Computing Toolkit\CUDA\v12.1\bin;C:\Program Files\NVIDIA GPU Computing Toolkit\CUDA\v12.1\libnvvp;C:\Program Files\Common Files\Oracle\Java\javapath;C:\Program Files (x86)\Common Files\Oracle\Java\java8path;C:\Program Files (x86)\Common Files\Oracle\Java\javapath;C:\app\User\product\21c\dbhomeXE\bin;C:\Program Files\Python310\Scripts\;C:\Program Files\Python310\;C:\Windows\system32;C:\Windows;C:\Windows\System32\Wbem;C:\Windows\System32\WindowsPowerShell\v1.0\;C:\Windows\System32\OpenSSH\;C:\Program Files (x86)\NVIDIA Corporation\PhysX\Common;C:\Program Files\NVIDIA Corporation\NVIDIA NvDLISR;C:\Program Files\Microsoft SQL Server\150\Tools\Binn\;C:\Program Files\Microsoft SQL Server\Client SDK\ODBC\170\Tools\Binn\;C:\Program Files\dotnet\;C:\WINDOWS\system32;C:\WINDOWS;C:\WINDOWS\System32\Wbem;C:\WINDOWS\System32\WindowsPowerShell\v1.0\;C:\WINDOWS\System32\OpenSSH\;C:\Program Files\Git\cmd;C:\Users\Public\bin;C:\Users\User\bin;C:\Users\User\AppData\Roaming\Python\Python310\site-packages;C:\Users\User\AppData\Roaming\Python\Python310\Scripts;c:\Users\User\cursor\resources\app\bin;JAVA_HOME;;C:\WINDOWS\system32;C:\WINDOWS;C:\WINDOWS\System32\Wbem;C:\WINDOWS\System32\WindowsPowerShell\v1.0\;C:\WINDOWS\System32\OpenSSH\;C:\Program Files\NVIDIA Corporation\Nsight Compute 2023.1.0\;C:\Users\User\AppData\Local\Microsoft\WindowsApps;C:\Users\User\.dotnet\tools;C:\Users\User\AppData\Local\Programs\Microsoft VS Code\bin;C:\Users\User\cursor\resources\app\bin;;.;C:\Users\User\Downloads\vto 1\VTO\app\src\testRelease\jniLibs;C:\Users\User\Downloads\vto 1\VTO\app\src\test\jniLibs -Dorg.gradle.internal.worker.tmpdir=C:\Users\User\Downloads\vto 1\VTO\app\build\tmp\testReleaseUnitTest\work --add-opens=java.base/java.io=ALL-UNNAMED -Xmx512m -Dfile.encoding=UTF-8 -Duser.country=MY -Duser.language=en -Duser.variant -ea 
java_command: worker.org.gradle.process.internal.worker.GradleWorkerMain 'Gradle Test Executor 2'
java_class_path (initial): C:\Users\User\.gradle\caches\8.10.2\workerMain\gradle-worker.jar;C:\Users\User\Downloads\vto 1\VTO\app\build\tmp\kotlin-classes\releaseUnitTest;C:\Users\User\Downloads\vto 1\VTO\app\build\intermediates\java_res\releaseUnitTest\processReleaseUnitTestJavaRes\out;C:\Users\User\Downloads\vto 1\VTO\app\build\intermediates\runtime_app_classes_jar\release\bundleReleaseClassesToRuntimeJar\classes.jar;C:\Users\User\.gradle\caches\modules-2\files-2.1\junit\junit\4.13.2\8ac9e16d933b6fb43bc7f576336b8f4d7eb5ba12\junit-4.13.2.jar;C:\Users\User\.gradle\caches\8.10.2\transforms\d27a7f446ee2fc55f4764ee656e3bf0e\transformed\viewbinding-8.8.1-runtime.jar;C:\Users\User\.gradle\caches\8.10.2\transforms\3f5c78cf261ab3aba74b8945a55d0e3c\transformed\navigation-common-2.8.9-runtime.jar;C:\Users\User\.gradle\caches\8.10.2\transforms\ef70a112a5143ca46be2943412f62826\transformed\navigation-runtime-2.8.9-runtime.jar;C:\Users\User\.gradle\caches\8.10.2\transforms\65a9a670ba3a2a3f3028664dd243ee65\transformed\navigation-common-ktx-2.8.9-runtime.jar;C:\Users\User\.gradle\caches\8.10.2\transforms\4373d3808b64e1d64b6104cad29059a5\transformed\navigation-ui-2.8.9-runtime.jar;C:\Users\User\.gradle\caches\8.10.2\transforms\a3cf36f382dd382e9becca186b652429\transformed\navigation-fragment-2.8.9-runtime.jar;C:\Users\User\.gradle\caches\8.10.2\transforms\66614b4a60627eae9d47807c27ffb6d0\transformed\navigation-runtime-ktx-2.8.9-runtime.jar;C:\Users\User\.gradle\caches\8.10.2\transforms\c790352a2aa2dfe0a5d82bacfb25b1e1\transformed\navigation-ui-ktx-2.8.9-runtime.jar;C:\Users\User\.gradle\caches\8.10.2\transforms\f1681fdbdb25fbb19fe8cf3de821d37e\transformed\navigation-fragment-ktx-2.8.9-runtime.jar;C:\Users\User\.gradle\caches\8.10.2\transforms\a2728ee96e968eede294716ef1f224bd\transformed\navigation-compose-2.8.9-runtime.jar;C:\Users\User\.gradle\caches\8.10.2\transforms\c28619996b47de30560cbb36b2f44937\transformed\material3-release-runtime.jar;C:\Users\User\.gradle\caches\8.10.2\transforms\c370960fc81a4a58b55dc7ce24153496\transformed\material-release-runtime.jar;C:\Users\User\.gradle\caches\8.10.2\transforms\1dbf867c0d425906ffc4ea77ea68ed21\transformed\coil-compose-2.5.0-runtime.jar;C:\Users\User\.gradle\caches\8.10.2\transforms\0405bda8b6756b0d015850d6da6d1368\transformed\coil-compose-base-2.5.0-runtime.jar;C:\Users\User\.gradle\caches\8.10.2\transforms\933161c1da9ff5547a3fc23e283d9e5e\transformed\material-ripple-release-runtime.jar;C:\Users\User\.gradle\caches\8.10.2\transforms\44af59e71887f1dff95da8635dd115a6\transformed\foundation-release-runtime.jar;C:\Users\User\.gradle\caches\8.10.2\transforms\65d3be32ba0f58659a208586f848ef10\transformed\animation-core-release-runtime.jar;C:\Users\User\.gradle\caches\8.10.2\transforms\7c114daee29bf3896c22916348454f87\transformed\animation-release-runtime.jar;C:\Users\User\.gradle\caches\8.10.2\transforms\d3882f546f6bf7334e4d06e2246a165f\transformed\foundation-layout-release-runtime.jar;C:\Users\User\.gradle\caches\8.10.2\transforms\c6d67a70ff89024bb848a0ed6ba260b3\transformed\ui-util-release-runtime.jar;C:\Users\User\.gradle\caches\8.10.2\transforms\5e1744515231db04e5b80dd302242e49\transformed\ui-unit-release-runtime.jar;C:\Users\User\.gradle\caches\8.10.2\transforms\7f2a989966fb7a9261f3997e2b770c3b\transformed\ui-text-release-runtime.jar;C:\Users\User\.gradle\caches\8.10.2\transforms\68d9ab380556f14ee5165433b4ca21ea\transformed\ui-geometry-release-runtime.jar;C:\Users\User\.gradle\caches\8.10.2\transforms\c501af6259da8faa4d5a42721dfa27ec\transformed\ui-graphics-release-runtime.jar;C:\Users\User\.gradle\caches\8.10.2\transforms\2330013ac1f02a5a38b2a969a368fbe1\transformed\ui-tooling-preview-release-runtime.jar;C:\Users\User\.gradle\caches\8.10.2\transforms\641af67e33b7dcbd5ba8cbbe03b1aee8\transformed\accompanist-drawablepainter-0.32.0-runtime.jar;C:\Users\User\.gradle\caches\8.10.2\transforms\7f2cd12d88ab9e3c9128e561690568e6\transformed\runtime-saveable-release-runtime.jar;C:\Users\User\.gradle\caches\8.10.2\transforms\22c2cf05839eb54bdea63eadc8f1b99d\transformed\runtime-release-runtime.jar;C:\Users\User\.gradle\caches\8.10.2\transforms\cf3210b5244e8b06f681bb83f572a1d7\transformed\runtime-livedata-1.7.8-runtime.jar;C:\Users\User\.gradle\caches\8.10.2\transforms\f7ad08ce7755a76869302463de9d0521\transformed\firebase-ui-auth-8.0.2-runtime.jar;C:\Users\User\.gradle\caches\8.10.2\transforms\20bbe05250604ce54471afb9f34098bc\transformed\lifecycle-extensions-2.2.0-runtime.jar;C:\Users\User\.gradle\caches\8.10.2\transforms\fdf5819a863adde0e442c0e394e8decd\transformed\camera-video-1.3.1-runtime.jar;C:\Users\User\.gradle\caches\8.10.2\transforms\bd32c2ab9c4c0374412d17aee3d89ff9\transformed\camera-view-1.3.1-runtime.jar;C:\Users\User\.gradle\caches\8.10.2\transforms\7f70f6dc10010aa41c696811b491cac8\transformed\camera-lifecycle-1.3.1-runtime.jar;C:\Users\User\.gradle\caches\8.10.2\transforms\2737d7f9aac42fdfc414946af4e2dde4\transformed\camera-camera2-1.3.1-runtime.jar;C:\Users\User\.gradle\caches\8.10.2\transforms\a04438e81e20f71bbab155ce86bcfa93\transformed\camera-core-1.3.1-runtime.jar;C:\Users\User\.gradle\caches\8.10.2\transforms\eca8990f71fe8b6ed92ebcdeb2ae677d\transformed\facebook-login-18.0.2-runtime.jar;C:\Users\User\.gradle\caches\8.10.2\transforms\982f0dad3df2d66c051cb98add691c1b\transformed\material-1.11.0-runtime.jar;C:\Users\User\.gradle\caches\8.10.2\transforms\b635494e7275b45566f343fc7347c6b3\transformed\constraintlayout-2.1.4-runtime.jar;C:\Users\User\.gradle\caches\8.10.2\transforms\c7ee47133fa2b2d749275f49924cc371\transformed\facebook-common-18.0.2-runtime.jar;C:\Users\User\.gradle\caches\8.10.2\transforms\669aab81712623832b9678da5812fcf9\transformed\coil-2.5.0-runtime.jar;C:\Users\User\.gradle\caches\8.10.2\transforms\bf3e58fe60b3713466bd51a180fa6bef\transformed\coil-base-2.5.0-runtime.jar;C:\Users\User\.gradle\caches\8.10.2\transforms\8ae957ae91b0203bc35e9c44cc0a1e4e\transformed\appcompat-resources-1.6.1-runtime.jar;C:\Users\User\.gradle\caches\8.10.2\transforms\d41b54992b94a1adc18060d56df5d3d1\transformed\appcompat-1.6.1-runtime.jar;C:\Users\User\.gradle\caches\8.10.2\transforms\b49caf4fbc3a8df137781d382bcb38df\transformed\firebase-auth-ktx-23.2.0-runtime.jar;C:\Users\User\.gradle\caches\8.10.2\transforms\8da34c36648219933bddd9c9bbe8ac4e\transformed\firebase-auth-23.2.0-runtime.jar;C:\Users\User\.gradle\caches\8.10.2\transforms\48d1843c111f40be0699147e3fecc4d4\transformed\credentials-1.2.0-rc01-runtime.jar;C:\Users\User\.gradle\caches\8.10.2\transforms\d14407fcc5126f77bad0edce72fdb1ea\transformed\credentials-play-services-auth-1.2.0-rc01-runtime.jar;C:\Users\User\.gradle\caches\8.10.2\transforms\957b1b11754aa9c2e915a09f774d5553\transformed\play-services-auth-21.3.0-runtime.jar;C:\Users\User\.gradle\caches\8.10.2\transforms\3d9ae2d9030ac17935b8819f3bbe6722\transformed\legacy-support-v4-1.0.0-runtime.jar;C:\Users\User\.gradle\caches\8.10.2\transforms\284086d02bb71512d0be9df1717e4f16\transformed\firebase-storage-ktx-21.0.1-runtime.jar;C:\Users\User\.gradle\caches\8.10.2\transforms\09679f9c740708c9e74916051b453bca\transformed\firebase-storage-21.0.1-runtime.jar;C:\Users\User\.gradle\caches\8.10.2\transforms\447f1a8515957d802e154431a695a483\transformed\play-services-auth-api-phone-18.0.2-runtime.jar;C:\Users\User\.gradle\caches\8.10.2\transforms\ee2dd04bccb5f44b786323edf1c25241\transformed\play-services-auth-base-18.0.10-runtime.jar;C:\Users\User\.gradle\caches\8.10.2\transforms\22e272d0abd223b04440899218083694\transformed\firebase-firestore-ktx-25.1.3-runtime.jar;C:\Users\User\.gradle\caches\8.10.2\transforms\152d496e37cfe77576fb60e80e7f7417\transformed\firebase-firestore-25.1.3-runtime.jar;C:\Users\User\.gradle\caches\8.10.2\transforms\48c770859565ba1502c3ab6c01e2f80f\transformed\firebase-appcheck-18.0.0-runtime.jar;C:\Users\User\.gradle\caches\8.10.2\transforms\000075724d0dccb91e4a98ea24124ed7\transformed\firebase-appcheck-interop-17.1.0-runtime.jar;C:\Users\User\.gradle\caches\8.10.2\transforms\bc4456d88e26eafd6df855d5cec6ed6e\transformed\firebase-database-collection-18.0.1-runtime.jar;C:\Users\User\.gradle\caches\8.10.2\transforms\9fc0b1b5ed55ceeca590bad1aee9e1e9\transformed\play-services-fido-20.1.0-runtime.jar;C:\Users\User\.gradle\caches\8.10.2\transforms\db87d7e7d74b02e7f5f1552474ee385e\transformed\play-services-base-18.5.0-runtime.jar;C:\Users\User\.gradle\caches\8.10.2\transforms\ceb8604fa18d1726e10645c8247372d6\transformed\firebase-common-ktx-21.0.0-runtime.jar;C:\Users\User\.gradle\caches\8.10.2\transforms\9e03d7f5e12ab97ca31acc8c7f36e056\transformed\firebase-auth-interop-20.0.0-runtime.jar;C:\Users\User\.gradle\caches\8.10.2\transforms\085130fa42816ea561c9bc574b86dc71\transformed\firebase-common-21.0.0-runtime.jar;C:\Users\User\.gradle\caches\8.10.2\transforms\b59790c786dfe3245b0822b2e9f64412\transformed\recaptcha-18.6.1-runtime.jar;C:\Users\User\.gradle\caches\8.10.2\transforms\e211ab2d6dd78b63fb32c0aa0c03ee50\transformed\integrity-1.3.0-runtime.jar;C:\Users\User\.gradle\caches\8.10.2\transforms\37479252788b3288bc6baf035091dbe6\transformed\facebook-core-18.0.2-runtime.jar;C:\Users\User\.gradle\caches\8.10.2\transforms\e0d637f394b6bff1ddfc05f3f0ebe3f6\transformed\dynamicanimation-1.0.0-runtime.jar;C:\Users\User\.gradle\caches\8.10.2\transforms\46779b58c68f4cbccc12f78fcb42373f\transformed\legacy-support-core-ui-1.0.0-runtime.jar;C:\Users\User\.gradle\caches\8.10.2\transforms\7cf0b3fa7e3fda8ffcb868eaf5241c9c\transformed\legacy-support-core-utils-1.0.0-runtime.jar;C:\Users\User\.gradle\caches\8.10.2\transforms\2d9cfaca2fbdf4d3f55e6dd3629ab23d\transformed\loader-1.1.0-runtime.jar;C:\Users\User\.gradle\caches\8.10.2\transforms\d5f378cabea384977b0813eae77c2f4e\transformed\drawerlayout-1.1.1-runtime.jar;C:\Users\User\.gradle\caches\8.10.2\transforms\b26b58f0b9600450a6af892df2417594\transformed\coordinatorlayout-1.1.0-runtime.jar;C:\Users\User\.gradle\caches\8.10.2\transforms\71fc7831b72c4c01fa776023e00279e9\transformed\vectordrawable-animated-1.1.0-runtime.jar;C:\Users\User\.gradle\caches\8.10.2\transforms\ac6d3ac42662234229e454bdb5a45c52\transformed\vectordrawable-1.1.0-runtime.jar;C:\Users\User\.gradle\caches\8.10.2\transforms\1be6345afcd2c8b7752fc6631da1a1da\transformed\viewpager2-1.0.0-runtime.jar;C:\Users\User\.gradle\caches\8.10.2\transforms\a1646bb03b2eaf01060ca450d21b1475\transformed\autofill-1.0.0-runtime.jar;C:\Users\User\.gradle\caches\8.10.2\transforms\b70a703a2897930e9f6709acabffa957\transformed\media-1.0.0-runtime.jar;C:\Users\User\.gradle\caches\8.10.2\transforms\97ff7a211516d410fb3915f6e4df674b\transformed\browser-1.4.0-runtime.jar;C:\Users\User\.gradle\caches\8.10.2\transforms\fafc17ed5eb96d03f982046993470077\transformed\viewpager-1.0.0-runtime.jar;C:\Users\User\.gradle\caches\8.10.2\transforms\86530a9efebb42cb6e9d3ade95462e4a\transformed\recyclerview-1.1.0-runtime.jar;C:\Users\User\.gradle\caches\8.10.2\transforms\72ad1a8f4f10f292d0d914ff0f62e567\transformed\slidingpanelayout-1.2.0-runtime.jar;C:\Users\User\.gradle\caches\8.10.2\transforms\d89cda80759560ff75721ab5655c9347\transformed\customview-1.1.0-runtime.jar;C:\Users\User\.gradle\caches\8.10.2\transforms\8805c136d5329550921d333a783f8f58\transformed\swiperefreshlayout-1.0.0-runtime.jar;C:\Users\User\.gradle\caches\8.10.2\transforms\6f6d18b0fe08d62f5fc4efd765aec504\transformed\asynclayoutinflater-1.0.0-runtime.jar;C:\Users\User\.gradle\caches\8.10.2\transforms\2e4df4714832c62d7969446517719855\transformed\graphics-path-1.0.1-runtime.jar;C:\Users\User\.gradle\caches\8.10.2\transforms\f0cf62c7ea833c80fe247cd9191e1ba4\transformed\emoji2-views-helper-1.3.0-runtime.jar;C:\Users\User\.gradle\caches\8.10.2\transforms\86e0f5a42aa2a78542c47f4bf308a91d\transformed\emoji2-1.3.0-runtime.jar;C:\Users\User\.gradle\caches\8.10.2\transforms\6660a552acb23c2359224c399ed15e5a\transformed\transition-1.4.1-runtime.jar;C:\Users\User\.gradle\caches\8.10.2\transforms\c6e86a6a5df2bad3618f1325ad39c3d5\transformed\window-1.0.0-runtime.jar;C:\Users\User\.gradle\caches\8.10.2\transforms\217a4f0b296f64d4596c671818fac4fc\transformed\core-1.15.0-runtime.jar;C:\Users\User\.gradle\caches\8.10.2\transforms\1f778f6d2da2ff032ecfd9eb8106b050\transformed\fragment-ktx-1.6.2-runtime.jar;C:\Users\User\.gradle\caches\8.10.2\transforms\49bddfe7e2c4968df0170b21fe0e2722\transformed\savedstate-ktx-1.2.1-runtime.jar;C:\Users\User\.gradle\caches\8.10.2\transforms\c3c284bab936b655c2062c9f9ab38b8b\transformed\savedstate-1.2.1-runtime.jar;C:\Users\User\.gradle\caches\8.10.2\transforms\a8f04e5152e4849069da5426adbbccfd\transformed\lifecycle-viewmodel-2.8.7-runtime.jar;C:\Users\User\.gradle\caches\8.10.2\transforms\ac9538a20c67dd687cd9934e4cd6beff\transformed\lifecycle-viewmodel-release-runtime.jar;C:\Users\User\.gradle\caches\8.10.2\transforms\d61be675706c9f557b8bc67e0d71c43b\transformed\lifecycle-livedata-core-ktx-2.8.7-runtime.jar;C:\Users\User\.gradle\caches\modules-2\files-2.1\androidx.lifecycle\lifecycle-common-jvm\2.8.7\7174a594afb73a9ad9ac9074ce78b94af3cc52a7\lifecycle-common-jvm-2.8.7.jar;C:\Users\User\.gradle\caches\8.10.2\transforms\b4c8a6289506466e73642bcd7f7c895d\transformed\lifecycle-livedata-core-2.8.7-runtime.jar;C:\Users\User\.gradle\caches\8.10.2\transforms\fb23357b2a7de450d1fba72ef21ef039\transformed\lifecycle-runtime-2.8.7-runtime.jar;C:\Users\User\.gradle\caches\8.10.2\transforms\f3888929fbd4512ec25094fc2080b73b\transformed\lifecycle-runtime-release-runtime.jar;C:\Users\User\.gradle\caches\modules-2\files-2.1\org.jetbrains.kotlinx\kotlinx-coroutines-android\1.7.3\38d9cad3a0b03a10453b56577984bdeb48edeed5\kotlinx-coroutines-android-1.7.3.jar;C:\Users\User\.gradle\caches\modules-2\files-2.1\org.jetbrains.kotlinx\kotlinx-coroutines-core-jvm\1.7.3\2b09627576f0989a436a00a4a54b55fa5026fb86\kotlinx-coroutines-core-jvm-1.7.3.jar;C:\Users\User\.gradle\caches\modules-2\files-2.1\org.jetbrains.kotlinx\kotlinx-coroutines-play-services\1.7.3\7087d47913cfb0062c9909dacbfc78fe44c5ecff\kotlinx-coroutines-play-services-1.7.3.jar;C:\Users\User\.gradle\caches\8.10.2\transforms\65fb3c31fe11bba7da4c6b3a878eaaae\transformed\play-services-tasks-18.2.0-runtime.jar;C:\Users\User\.gradle\caches\8.10.2\transforms\f3efe30aa9c50c2d828b0b9ab4739273\transformed\play-services-basement-18.4.0-runtime.jar;C:\Users\User\.gradle\caches\8.10.2\transforms\61e7f7fbc25f2a595cf4ae912b8be539\transformed\fragment-1.6.2-runtime.jar;C:\Users\User\.gradle\caches\8.10.2\transforms\285d4e4a65585ee2f9379ebfe7e50f58\transformed\activity-1.10.1-runtime.jar;C:\Users\User\.gradle\caches\8.10.2\transforms\2b6d631762ea2d245360fbe54d4b26a8\transformed\lifecycle-viewmodel-savedstate-2.8.7-runtime.jar;C:\Users\User\.gradle\caches\8.10.2\transforms\0047cf4d7199f98444b08790672880fc\transformed\lifecycle-service-2.8.7-runtime.jar;C:\Users\User\.gradle\caches\8.10.2\transforms\7aca1c16f44ee09f6d00d56b0514987d\transformed\lifecycle-process-2.8.7-runtime.jar;C:\Users\User\.gradle\caches\modules-2\files-2.1\androidx.lifecycle\lifecycle-common-java8\2.8.7\2ad14aed781c4a73ed4dbb421966d408a0a06686\lifecycle-common-java8-2.8.7.jar;C:\Users\User\.gradle\caches\8.10.2\transforms\a8e93f2160936677e535864d01409cda\transformed\lifecycle-viewmodel-ktx-2.8.7-runtime.jar;C:\Users\User\.gradle\caches\8.10.2\transforms\a8f066800110911cab742417758191ea\transformed\lifecycle-livedata-2.8.7-runtime.jar;C:\Users\User\.gradle\caches\8.10.2\transforms\61e3ff85867e1ee9ec3105649cef6a8b\transformed\lifecycle-runtime-compose-release-runtime.jar;C:\Users\User\.gradle\caches\8.10.2\transforms\83bfdfaa8dddd66062b609225a58f1c3\transformed\lifecycle-runtime-ktx-release-runtime.jar;C:\Users\User\.gradle\caches\8.10.2\transforms\eeb3b2df83cec6083a0b20e9cd09baac\transformed\lifecycle-viewmodel-compose-release-runtime.jar;C:\Users\User\.gradle\caches\8.10.2\transforms\969d5e0bf2fa11caa26c6096ef9e51bd\transformed\material-icons-extended-release-runtime.jar;C:\Users\User\.gradle\caches\8.10.2\transforms\da4d713ac80382251cedf0a45135a68f\transformed\material-icons-core-release-runtime.jar;C:\Users\User\.gradle\caches\8.10.2\transforms\6a3bd1cb022f5e8ae1fd3c74ab566bc3\transformed\ui-release-runtime.jar;C:\Users\User\.gradle\caches\8.10.2\transforms\59fb25081044386ddf2aa4d35b060290\transformed\activity-ktx-1.10.1-runtime.jar;C:\Users\User\.gradle\caches\8.10.2\transforms\5c7d3f9c813c1b6371b52a7b730aa9d8\transformed\activity-compose-1.10.1-runtime.jar;C:\Users\User\.gradle\caches\8.10.2\transforms\21e1c9429950a0fa7f2084b36199dcda\transformed\customview-poolingcontainer-1.0.0-runtime.jar;C:\Users\User\.gradle\caches\8.10.2\transforms\7efe97db6d67e73ab205c52087015cef\transformed\facebook-bolts-18.0.2-runtime.jar;C:\Users\User\.gradle\caches\8.10.2\transforms\4a29d08b0f3dc6a7be89773346402582\transformed\core-ktx-1.15.0-runtime.jar;C:\Users\User\.gradle\caches\modules-2\files-2.1\com.squareup.okhttp3\logging-interceptor\4.12.0\e922c1f14d365c0f2bed140cc0825e18462c2778\logging-interceptor-4.12.0.jar;C:\Users\User\.gradle\caches\modules-2\files-2.1\com.squareup.okhttp3\okhttp\4.12.0\2f4525d4a200e97e1b87449c2cd9bd2e25b7e8cd\okhttp-4.12.0.jar;C:\Users\User\.gradle\caches\modules-2\files-2.1\io.grpc\grpc-okhttp\1.62.2\2d8b802e7fe17c1577527195fd53a2e7355b3541\grpc-okhttp-1.62.2.jar;C:\Users\User\.gradle\caches\modules-2\files-2.1\com.squareup.okio\okio-jvm\3.6.0\5600569133b7bdefe1daf9ec7f4abeb6d13e1786\okio-jvm-3.6.0.jar;C:\Users\User\.gradle\caches\8.10.2\transforms\92ab03376ecf5224ab537cacbaca28ee\transformed\googleid-1.1.0-runtime.jar;C:\Users\User\.gradle\caches\modules-2\files-2.1\org.jetbrains.kotlin\kotlin-stdlib-jdk8\1.9.10\c7510d64a83411a649c76f2778304ddf71d7437b\kotlin-stdlib-jdk8-1.9.10.jar;C:\Users\User\.gradle\caches\8.10.2\transforms\72b39ee4ed9dc83e4e694d925f546cb1\transformed\cardview-1.0.0-runtime.jar;C:\Users\User\.gradle\caches\8.10.2\transforms\2d10c5c4e06b40b84d07f3ca7ecef764\transformed\firebase-components-18.0.0-runtime.jar;C:\Users\User\.gradle\caches\8.10.2\transforms\86fd7e9b51dd6f84f1e3c1f99d34957c\transformed\cursoradapter-1.0.0-runtime.jar;C:\Users\User\.gradle\caches\modules-2\files-2.1\androidx.resourceinspection\resourceinspection-annotation\1.0.1\8c21f8ff5d96d5d52c948707f7e4d6ca6773feef\resourceinspection-annotation-1.0.1.jar;C:\Users\User\.gradle\caches\8.10.2\transforms\56b20b17697b9fac41ab8343bbd43e49\transformed\interpolator-1.0.0-runtime.jar;C:\Users\User\.gradle\caches\8.10.2\transforms\a6a40289530f03a37c5b4b7ce5f98adf\transformed\profileinstaller-1.4.0-runtime.jar;C:\Users\User\.gradle\caches\8.10.2\transforms\10d1d61840492d9548f56db306d002f3\transformed\startup-runtime-1.1.1-runtime.jar;C:\Users\User\.gradle\caches\8.10.2\transforms\6ee0f7da36029de968c6699ac26de072\transformed\tracing-1.2.0-runtime.jar;C:\Users\User\.gradle\caches\8.10.2\transforms\5ae889d989977ad7b889030087d74ff4\transformed\versionedparcelable-1.1.1-runtime.jar;C:\Users\User\.gradle\caches\8.10.2\transforms\47c1042684729a7b4aa7705c5dd27d0d\transformed\localbroadcastmanager-1.0.0-runtime.jar;C:\Users\User\.gradle\caches\modules-2\files-2.1\androidx.concurrent\concurrent-futures\1.1.0\50b7fb98350d5f42a4e49704b03278542293ba48\concurrent-futures-1.1.0.jar;C:\Users\User\.gradle\caches\8.10.2\transforms\2ce2e4e557f2da86351f14cacacdc996\transformed\core-runtime-2.2.0-runtime.jar;C:\Users\User\.gradle\caches\modules-2\files-2.1\androidx.arch.core\core-common\2.2.0\5e1b8b81dfd5f52c56a8d53b18ca759c19a301f3\core-common-2.2.0.jar;C:\Users\User\.gradle\caches\8.10.2\transforms\eec6b0d834799155cbd63b8370528eda\transformed\documentfile-1.0.0-runtime.jar;C:\Users\User\.gradle\caches\8.10.2\transforms\8d8c54ef60985e75887b2d99ce7cb9f8\transformed\print-1.0.0-runtime.jar;C:\Users\User\.gradle\caches\8.10.2\transforms\c8efe46e29b8a534546ac28b81c74e35\transformed\exifinterface-1.3.6-runtime.jar;C:\Users\User\.gradle\caches\modules-2\files-2.1\androidx.collection\collection-ktx\1.4.4\2ad14aed781c4a73ed4dbb421966d408a0a06686\collection-ktx-1.4.4.jar;C:\Users\User\.gradle\caches\modules-2\files-2.1\androidx.collection\collection-jvm\1.4.4\da13a7e557c430276b8cb490420effebc1398c0d\collection-jvm-1.4.4.jar;C:\Users\User\.gradle\caches\modules-2\files-2.1\androidx.annotation\annotation-jvm\1.8.1\b8a16fe526014b7941c1debaccaf9c5153692dbb\annotation-jvm-1.8.1.jar;C:\Users\User\.gradle\caches\8.10.2\transforms\e0b9dcc8dac219d9a3bbc54d57bf475f\transformed\annotation-experimental-1.4.1-runtime.jar;C:\Users\User\.gradle\caches\8.10.2\transforms\2b77a093b9e754aeeccf6eb15415f164\transformed\core-viewtree-1.0.0-runtime.jar;C:\Users\User\.gradle\caches\modules-2\files-2.1\org.jetbrains.kotlinx\kotlinx-serialization-core-jvm\1.6.3\6b6c17d0312ba7192893adea9d52959941d0119b\kotlinx-serialization-core-jvm-1.6.3.jar;C:\Users\User\.gradle\caches\modules-2\files-2.1\org.jetbrains.kotlin\kotlin-stdlib-jdk7\1.9.10\bc5bfc2690338defd5195b05c57562f2194eeb10\kotlin-stdlib-jdk7-1.9.10.jar;C:\Users\User\.gradle\caches\modules-2\files-2.1\org.jetbrains.kotlin\kotlin-stdlib\2.0.0\b48df2c4aede9586cc931ead433bc02d6fd7879e\kotlin-stdlib-2.0.0.jar;C:\Users\User\.gradle\caches\8.10.2\transforms\c913c507822fea799fbc9cb01fba2d72\transformed\grpc-android-1.62.2-runtime.jar;C:\Users\User\.gradle\caches\modules-2\files-2.1\io.grpc\grpc-protobuf-lite\1.62.2\9d807d2a0e34bd7284a5336186f57cf241090920\grpc-protobuf-lite-1.62.2.jar;C:\Users\User\.gradle\caches\modules-2\files-2.1\io.grpc\grpc-stub\1.62.2\fc1e85697502d96d6c912e8dd2a56f46f1aba050\grpc-stub-1.62.2.jar;C:\Users\User\.gradle\caches\modules-2\files-2.1\io.grpc\grpc-util\1.62.2\98c4138f09fb57c3ad6cbeffb31ed73e302038f7\grpc-util-1.62.2.jar;C:\Users\User\.gradle\caches\modules-2\files-2.1\io.grpc\grpc-core\1.62.2\5808049a5e33eba6f248a68d58e75399a68f2784\grpc-core-1.62.2.jar;C:\Users\User\.gradle\caches\modules-2\files-2.1\io.grpc\grpc-context\1.62.2\69e86c35140b3b1718d65635bb54ccecc4c12f14\grpc-context-1.62.2.jar;C:\Users\User\.gradle\caches\modules-2\files-2.1\io.grpc\grpc-api\1.62.2\a93b6ee3761d48edd9a9279f20a58be1a245ad01\grpc-api-1.62.2.jar;C:\Users\User\.gradle\caches\modules-2\files-2.1\com.google.guava\guava\32.1.3-android\ea090dd85ca2fa12d42d054369df888665230dd7\guava-32.1.3-android.jar;C:\Users\User\.gradle\caches\modules-2\files-2.1\org.hamcrest\hamcrest-core\1.3\42a25dc3219429f0e5d060061f71acb49bf010a0\hamcrest-core-1.3.jar;C:\Users\User\.gradle\caches\modules-2\files-2.1\org.jetbrains\annotations\23.0.0\8cc20c07506ec18e0834947b84a864bfc094484e\annotations-23.0.0.jar;C:\Users\User\.gradle\caches\modules-2\files-2.1\androidx.constraintlayout\constraintlayout-core\1.0.4\29cdbe03ded6b0980f63fa5da2579a430e911c40\constraintlayout-core-1.0.4.jar;C:\Users\User\.gradle\caches\modules-2\files-2.1\com.google.errorprone\error_prone_annotations\2.26.0\c513866fd91bb46587500440a80fa943e95d12d9\error_prone_annotations-2.26.0.jar;C:\Users\User\.gradle\caches\modules-2\files-2.1\com.google.auto.value\auto-value-annotations\1.6.3\b88c1bb7f149f6d2cc03898359283e57b08f39cc\auto-value-annotations-1.6.3.jar;C:\Users\User\.gradle\caches\modules-2\files-2.1\com.google.guava\listenablefuture\9999.0-empty-to-avoid-conflict-with-guava\b421526c5f297295adef1c886e5246c39d4ac629\listenablefuture-9999.0-empty-to-avoid-conflict-with-guava.jar;C:\Users\User\.gradle\caches\modules-2\files-2.1\com.google.guava\failureaccess\1.0.1\1dcf1de382a0bf95a3d8b0849546c88bac1292c9\failureaccess-1.0.1.jar;C:\Users\User\.gradle\caches\modules-2\files-2.1\com.google.code.findbugs\jsr305\3.0.2\25ea2e8b0c338a877313bd4672d3fe056ea78f0d\jsr305-3.0.2.jar;C:\Users\User\.gradle\caches\modules-2\files-2.1\org.checkerframework\checker-qual\3.37.0\ba74746d38026581c12166e164bb3c15e90cc4ea\checker-qual-3.37.0.jar;C:\Users\User\.gradle\caches\modules-2\files-2.1\com.google.firebase\firebase-annotations\16.2.0\ba0806703ca285d03fa9c888b5868f101134a501\firebase-annotations-16.2.0.jar;C:\Users\User\.gradle\caches\8.10.2\transforms\fac2e2a6f8d36853c7807409462092be\transformed\installreferrer-1.0-runtime.jar;C:\Users\User\.gradle\caches\modules-2\files-2.1\com.google.zxing\core\3.3.3\b640badcc97f18867c4dfd249ef8d20ec0204c07\core-3.3.3.jar;C:\Users\User\.gradle\caches\8.10.2\transforms\7be4bdb754d54c0f5e1de65fcc114e7a\transformed\protolite-well-known-types-18.0.1-runtime.jar;C:\Users\User\.gradle\caches\8.10.2\transforms\72cc3cf072d903d950e95d2fcf1923b0\transformed\core-common-2.0.3-runtime.jar;C:\Users\User\.gradle\caches\modules-2\files-2.1\javax.inject\javax.inject\1\6975da39a7040257bd51d21a231b76c915872d38\javax.inject-1.jar;C:\Users\User\.gradle\caches\modules-2\files-2.1\com.google.protobuf\protobuf-javalite\3.25.5\272641fe157ed7c4a22f8d4c347bcd7f6eac8887\protobuf-javalite-3.25.5.jar;C:\Users\User\.gradle\caches\modules-2\files-2.1\io.perfmark\perfmark-api\0.26.0\ef65452adaf20bf7d12ef55913aba24037b82738\perfmark-api-0.26.0.jar;C:\Users\User\.gradle\caches\modules-2\files-2.1\com.google.code.gson\gson\2.10.1\b3add478d4382b78ea20b1671390a858002feb6c\gson-2.10.1.jar;C:\Users\User\.gradle\caches\modules-2\files-2.1\com.google.android\annotations\4.1.1.4\a1678ba907bf92691d879fef34e1a187038f9259\annotations-4.1.1.4.jar;C:\Users\User\.gradle\caches\modules-2\files-2.1\org.codehaus.mojo\animal-sniffer-annotations\1.23\3c0daebd5f0e1ce72cc50c818321ac957aeb5d70\animal-sniffer-annotations-1.23.jar;C:\Users\User\Downloads\vto 1\VTO\app\build\intermediates\java_res\release\processReleaseJavaRes\out;C:\Users\User\.gradle\caches\8.10.2\transforms\1f061fe6c8b8e359dccf184b8051f7e5\transformed\viewbinding-8.8.1\jars\classes.jar;C:\Users\User\.gradle\caches\8.10.2\transforms\8ac92ee0695c50a1d04d055693e09056\transformed\navigation-common-2.8.9\jars\classes.jar;C:\Users\User\.gradle\caches\8.10.2\transforms\483f494a0485e2f4d808941af05c799b\transformed\navigation-runtime-2.8.9\jars\classes.jar;C:\Users\User\.gradle\caches\8.10.2\transforms\b4b7dad39c407232dbc4aca282da6190\transformed\navigation-common-ktx-2.8.9\jars\classes.jar;C:\Users\User\.gradle\caches\8.10.2\transforms\b367e6d57d0800692b4991f93a9442bd\transformed\navigation-ui-2.8.9\jars\classes.jar;C:\Users\User\.gradle\caches\8.10.2\transforms\57e1f2241c6816528c6182516262fd1a\transformed\navigation-fragment-2.8.9\jars\classes.jar;C:\Users\User\.gradle\caches\8.10.2\transforms\4d245144ace3854451abfa3ba67ee1ac\transformed\navigation-runtime-ktx-2.8.9\jars\classes.jar;C:\Users\User\.gradle\caches\8.10.2\transforms\84110e4bf0a6b48e796d71e97b7f8f78\transformed\navigation-ui-ktx-2.8.9\jars\classes.jar;C:\Users\User\.gradle\caches\8.10.2\transforms\1fe4c0e882d28d9a6566d06972d32596\transformed\navigation-fragment-ktx-2.8.9\jars\classes.jar;C:\Users\User\.gradle\caches\8.10.2\transforms\626e4b97c5f7d41473cdaa825dc09de5\transformed\navigation-compose-2.8.9\jars\classes.jar;C:\Users\User\.gradle\caches\8.10.2\transforms\f256bc8947afafb203f0c28250cb837e\transformed\material3-release\jars\classes.jar;C:\Users\User\.gradle\caches\8.10.2\transforms\00303a6b6c29d2789ce84acf9a3fdc5f\transformed\material-release\jars\classes.jar;C:\Users\User\.gradle\caches\8.10.2\transforms\5060e2128f10a8e7652dcce6bbba8307\transformed\coil-compose-2.5.0\jars\classes.jar;C:\Users\User\.gradle\caches\8.10.2\transforms\19ec7836896b0c44460b876ed28250a0\transformed\coil-compose-base-2.5.0\jars\classes.jar;C:\Users\User\.gradle\caches\8.10.2\transforms\2804e6cf6a66f757f23b14085f09852f\transformed\material-ripple-release\jars\classes.jar;C:\Users\User\.gradle\caches\8.10.2\transforms\ade3b1994b7881890c35e6ed1915cc5c\transformed\foundation-release\jars\classes.jar;C:\Users\User\.gradle\caches\8.10.2\transforms\04f213cb53f4353f5a07a921eaae2f32\transformed\animation-core-release\jars\classes.jar;C:\Users\User\.gradle\caches\8.10.2\transforms\75c94748ed706559b96ce4d537765e4e\transformed\animation-release\jars\classes.jar;C:\Users\User\.gradle\caches\8.10.2\transforms\d502bd74dc3b977ab8416b00773d8b89\transformed\foundation-layout-release\jars\classes.jar;C:\Users\User\.gradle\caches\8.10.2\transforms\091f1775074333998de17171e033ffee\transformed\ui-util-release\jars\classes.jar;C:\Users\User\.gradle\caches\8.10.2\transforms\73cecf0ba9b4e67fb4e1e4f48b2903ad\transformed\ui-unit-release\jars\classes.jar;C:\Users\User\.gradle\caches\8.10.2\transforms\841fb45897ad3764d5f8a939de714629\transformed\ui-text-release\jars\classes.jar;C:\Users\User\.gradle\caches\8.10.2\transforms\f0b9a73eb1c05a93693ee21db71a4238\transformed\ui-geometry-release\jars\classes.jar;C:\Users\User\.gradle\caches\8.10.2\transforms\f14d6b634b1744182e9eaecde1694022\transformed\ui-graphics-release\jars\classes.jar;C:\Users\User\.gradle\caches\8.10.2\transforms\a79338f340f6721b872621e32adc88a5\transformed\ui-tooling-preview-release\jars\classes.jar;C:\Users\User\.gradle\caches\8.10.2\transforms\650f0fc88fb49103cd98dcad5a849ebe\transformed\accompanist-drawablepainter-0.32.0\jars\classes.jar;C:\Users\User\.gradle\caches\8.10.2\transforms\50bf13504137c33c5fbb4650465a9bc8\transformed\runtime-saveable-release\jars\classes.jar;C:\Users\User\.gradle\caches\8.10.2\transforms\a952ecd04c4b968cc7a20e84fdb72800\transformed\runtime-release\jars\classes.jar;C:\Users\User\.gradle\caches\8.10.2\transforms\8b05fd292b79ebf52fb3ff5e83535f51\transformed\runtime-livedata-1.7.8\jars\classes.jar;C:\Users\User\.gradle\caches\8.10.2\transforms\02b5106f933e9b80937c3566ef45f8a3\transformed\firebase-ui-auth-8.0.2\jars\classes.jar;C:\Users\User\.gradle\caches\8.10.2\transforms\856882e2aa8e2dbf316c22e567e252f7\transformed\lifecycle-extensions-2.2.0\jars\classes.jar;C:\Users\User\.gradle\caches\8.10.2\transforms\8f3b60e8b5034de5c7f9c4403dc5ceed\transformed\camera-video-1.3.1\jars\classes.jar;C:\Users\User\.gradle\caches\8.10.2\transforms\16b28fb50382f521875b1f2ff5a1b5de\transformed\camera-view-1.3.1\jars\classes.jar;C:\Users\User\.gradle\caches\8.10.2\transforms\bd781d8e504ffbfeb312003e5c8e3299\transformed\camera-lifecycle-1.3.1\jars\classes.jar;C:\Users\User\.gradle\caches\8.10.2\transforms\e76055b8301d5b9ee226424c06e24960\transformed\camera-camera2-1.3.1\jars\classes.jar;C:\Users\User\.gradle\caches\8.10.2\transforms\7561db33f6fd6c50d63971223d00b476\transformed\camera-core-1.3.1\jars\classes.jar;C:\Users\User\.gradle\caches\8.10.2\transforms\9cb88ccbf29a1ccd0d3c6369bcf6327f\transformed\facebook-login-18.0.2\jars\classes.jar;C:\Users\User\.gradle\caches\8.10.2\transforms\4ebce2f796ced7dab130473bede472d9\transformed\material-1.11.0\jars\classes.jar;C:\Users\User\.gradle\caches\8.10.2\transforms\b753369acb71664ea1fdc8759ffcba20\transformed\constraintlayout-2.1.4\jars\classes.jar;C:\Users\User\.gradle\caches\8.10.2\transforms\03fc5b739a11088c8e48dd08bcbdc088\transformed\facebook-common-18.0.2\jars\classes.jar;C:\Users\User\.gradle\caches\8.10.2\transforms\d01ad76966a5787ab31b82bb7b7ef72e\transformed\coil-2.5.0\jars\classes.jar;C:\Users\User\.gradle\caches\8.10.2\transforms\1657fdc903acf76ad1e27b87bc05ad59\transformed\coil-base-2.5.0\jars\classes.jar;C:\Users\User\.gradle\caches\8.10.2\transforms\1b5cd11e7c007ab49fad51e4aa6cd57f\transformed\appcompat-resources-1.6.1\jars\classes.jar;C:\Users\User\.gradle\caches\8.10.2\transforms\9c37b6cbaf3ad5a1210b2953aa0b754f\transformed\appcompat-1.6.1\jars\classes.jar;C:\Users\User\.gradle\caches\8.10.2\transforms\16775fc0d87dadc21aaf626ddb24c564\transformed\firebase-auth-ktx-23.2.0\jars\classes.jar;C:\Users\User\.gradle\caches\8.10.2\transforms\2a6d5e83f3512dd570a8acbfecb3c80e\transformed\firebase-auth-23.2.0\jars\classes.jar;C:\Users\User\.gradle\caches\8.10.2\transforms\bc1261eb8f651e5e88b62318488f3e15\transformed\credentials-1.2.0-rc01\jars\classes.jar;C:\Users\User\.gradle\caches\8.10.2\transforms\d39d8d7fc06bf1f47fc2da74289b5041\transformed\credentials-play-services-auth-1.2.0-rc01\jars\classes.jar;C:\Users\User\.gradle\caches\8.10.2\transforms\db80cfe4ee77975b0da40d980b50d267\transformed\play-services-auth-21.3.0\jars\classes.jar;C:\Users\User\.gradle\caches\8.10.2\transforms\02d54ff25f3cb382e3eed9bacc496c65\transformed\legacy-support-v4-1.0.0\jars\classes.jar;C:\Users\User\.gradle\caches\8.10.2\transforms\20b8b5aa3100a2cbf3feed4937f3ef29\transformed\firebase-storage-ktx-21.0.1\jars\classes.jar;C:\Users\User\.gradle\caches\8.10.2\transforms\ffbd7ec7a111a81436446f36267f2fb1\transformed\firebase-storage-21.0.1\jars\classes.jar;C:\Users\User\.gradle\caches\8.10.2\transforms\8ab208a01de5ab3eedde915924270db7\transformed\play-services-auth-api-phone-18.0.2\jars\classes.jar;C:\Users\User\.gradle\caches\8.10.2\transforms\02cd9654834ebff2053d025fcfebee6e\transformed\play-services-auth-base-18.0.10\jars\classes.jar;C:\Users\User\.gradle\caches\8.10.2\transforms\0627d71865f5eb35a9c2d606f6a9c560\transformed\firebase-firestore-ktx-25.1.3\jars\classes.jar;C:\Users\User\.gradle\caches\8.10.2\transforms\da8d79f8f113193327c3ab177b0f7046\transformed\firebase-firestore-25.1.3\jars\classes.jar;C:\Users\User\.gradle\caches\8.10.2\transforms\9449db985864ccf0179808b40c557eb1\transformed\firebase-appcheck-18.0.0\jars\classes.jar;C:\Users\User\.gradle\caches\8.10.2\transforms\c7927e7da2136c4b806215bc0fcb41f4\transformed\firebase-appcheck-interop-17.1.0\jars\classes.jar;C:\Users\User\.gradle\caches\8.10.2\transforms\26a53d4613015dee771fb5995f9f8393\transformed\firebase-database-collection-18.0.1\jars\classes.jar;C:\Users\User\.gradle\caches\8.10.2\transforms\04d5f2f8ea9757e413350cf907a253f3\transformed\play-services-fido-20.1.0\jars\classes.jar;C:\Users\User\.gradle\caches\8.10.2\transforms\899f92d41cda578e86ff52f497f826d9\transformed\play-services-base-18.5.0\jars\classes.jar;C:\Users\User\.gradle\caches\8.10.2\transforms\1e911818f8a9a6cab95ece7c850f7b65\transformed\firebase-common-ktx-21.0.0\jars\classes.jar;C:\Users\User\.gradle\caches\8.10.2\transforms\529733edbb8cca840e9d2ce8535c9600\transformed\firebase-auth-interop-20.0.0\jars\classes.jar;C:\Users\User\.gradle\caches\8.10.2\transforms\a6ec7d9510191bb3facb24ab1ff1bf36\transformed\firebase-common-21.0.0\jars\classes.jar;C:\Users\User\.gradle\caches\8.10.2\transforms\c9ad6434070bb930d421e8f4ceae64a6\transformed\recaptcha-18.6.1\jars\classes.jar;C:\Users\User\.gradle\caches\8.10.2\transforms\9e0dedf0d697f119b6fa45d9913d43c6\transformed\integrity-1.3.0\jars\classes.jar;C:\Users\User\.gradle\caches\8.10.2\transforms\67e5e7f7e9ecd05c3004c0ec20000b1e\transformed\facebook-core-18.0.2\jars\classes.jar;C:\Users\User\.gradle\caches\8.10.2\transforms\5d4bec0f6caf6845b8d7e1ff9deda5c4\transformed\dynamicanimation-1.0.0\jars\classes.jar;C:\Users\User\.gradle\caches\8.10.2\transforms\71c849edf41320b893e9708b0947af1c\transformed\legacy-support-core-ui-1.0.0\jars\classes.jar;C:\Users\User\.gradle\caches\8.10.2\transforms\b671d522a1eb774140849c407b21a28d\transformed\legacy-support-core-utils-1.0.0\jars\classes.jar;C:\Users\User\.gradle\caches\8.10.2\transforms\3945f68ccfba2c2f63cc1a502037ae15\transformed\loader-1.1.0\jars\classes.jar;C:\Users\User\.gradle\caches\8.10.2\transforms\2cd9368f32b1ec015cd7cf351c3991aa\transformed\drawerlayout-1.1.1\jars\classes.jar;C:\Users\User\.gradle\caches\8.10.2\transforms\bdd9e78fcf0f591439f7db86d73a0a78\transformed\coordinatorlayout-1.1.0\jars\classes.jar;C:\Users\User\.gradle\caches\8.10.2\transforms\f6d392c0bcb5aab8b680bb4c675a42b8\transformed\vectordrawable-animated-1.1.0\jars\classes.jar;C:\Users\User\.gradle\caches\8.10.2\transforms\1dec529855bffc15a5886d0e6f2b7fae\transformed\vectordrawable-1.1.0\jars\classes.jar;C:\Users\User\.gradle\caches\8.10.2\transforms\47c491660175b7df111debac4c2982b6\transformed\viewpager2-1.0.0\jars\classes.jar;C:\Users\User\.gradle\caches\8.10.2\transforms\2819f6dda7e3ea2707caf2ce11e3ba8f\transformed\autofill-1.0.0\jars\classes.jar;C:\Users\User\.gradle\caches\8.10.2\transforms\df9f70d382f74c830ca26b207d06c7c6\transformed\media-1.0.0\jars\classes.jar;C:\Users\User\.gradle\caches\8.10.2\transforms\51e77f2409ed83b816412e67df499186\transformed\browser-1.4.0\jars\classes.jar;C:\Users\User\.gradle\caches\8.10.2\transforms\58e7b3701547f0783ab3e3ab6a77e11a\transformed\viewpager-1.0.0\jars\classes.jar;C:\Users\User\.gradle\caches\8.10.2\transforms\d1d4d4a3517d7032c7e79f6ccee66fc3\transformed\recyclerview-1.1.0\jars\classes.jar;C:\Users\User\.gradle\caches\8.10.2\transforms\3dbe39a6947883d65722c3890ea84e18\transformed\slidingpanelayout-1.2.0\jars\classes.jar;C:\Users\User\.gradle\caches\8.10.2\transforms\4054d98d5c3e58026cde00a10b1821fb\transformed\customview-1.1.0\jars\classes.jar;C:\Users\User\.gradle\caches\8.10.2\transforms\44efae17470cbfa47869b2495adb187e\transformed\swiperefreshlayout-1.0.0\jars\classes.jar;C:\Users\User\.gradle\caches\8.10.2\transforms\a01e2a2742a619a3e299bb7b7d51b204\transformed\asynclayoutinflater-1.0.0\jars\classes.jar;C:\Users\User\.gradle\caches\8.10.2\transforms\8157ba5321c6fe12e0273b1da4f720cc\transformed\graphics-path-1.0.1\jars\classes.jar;C:\Users\User\.gradle\caches\8.10.2\transforms\cba47d2c75d368041da792365360b0c0\transformed\emoji2-views-helper-1.3.0\jars\classes.jar;C:\Users\User\.gradle\caches\8.10.2\transforms\12da85c49b9a08e0bde3c62907fa3e54\transformed\emoji2-1.3.0\jars\classes.jar;C:\Users\User\.gradle\caches\8.10.2\transforms\12da85c49b9a08e0bde3c62907fa3e54\transformed\emoji2-1.3.0\jars\libs\repackaged.jar;C:\Users\User\.gradle\caches\8.10.2\transforms\d38db991b43c322ea3dcfbf03f059fcf\transformed\transition-1.4.1\jars\classes.jar;C:\Users\User\.gradle\caches\8.10.2\transforms\263b379060ef87f983cc323558320a10\transformed\window-1.0.0\jars\classes.jar;C:\Users\User\.gradle\caches\8.10.2\transforms\0df6301d4cc79a4dd6e93e96eb9fdce3\transformed\core-1.15.0\jars\classes.jar;C:\Users\User\.gradle\caches\8.10.2\transforms\e388ed2c5552a30cb5dbb08334dc3fec\transformed\fragment-ktx-1.6.2\jars\classes.jar;C:\Users\User\.gradle\caches\8.10.2\transforms\a4f0a77452743716fdc7b50ae6718857\transformed\savedstate-ktx-1.2.1\jars\classes.jar;C:\Users\User\.gradle\caches\8.10.2\transforms\d9c7b00ef59285e6e89adf6afbf5eee1\transformed\savedstate-1.2.1\jars\classes.jar;C:\Users\User\.gradle\caches\8.10.2\transforms\0d69a8ac833b24a5cadda558d826660c\transformed\lifecycle-viewmodel-2.8.7\jars\classes.jar;C:\Users\User\.gradle\caches\8.10.2\transforms\aa1ad07753073310cf7e0e8992bc779d\transformed\lifecycle-viewmodel-release\jars\classes.jar;C:\Users\User\.gradle\caches\8.10.2\transforms\d6a1a3612eabca79fc4b0ddcd4aa6868\transformed\lifecycle-livedata-core-ktx-2.8.7\jars\classes.jar;C:\Users\User\.gradle\caches\8.10.2\transforms\b9543a44b836caa84e4153adaa4a43ce\transformed\lifecycle-livedata-core-2.8.7\jars\classes.jar;C:\Users\User\.gradle\caches\8.10.2\transforms\5a113eebe4c9f51247377e509bcbb7bd\transformed\lifecycle-runtime-2.8.7\jars\classes.jar;C:\Users\User\.gradle\caches\8.10.2\transforms\57d18f08719c1a06f1954753b15a66a9\transformed\lifecycle-runtime-release\jars\classes.jar;C:\Users\User\.gradle\caches\8.10.2\transforms\33e6950df06af9df74aee7d763b1b656\transformed\play-services-tasks-18.2.0\jars\classes.jar;C:\Users\User\.gradle\caches\8.10.2\transforms\322e96162e499f5e139ac324b539a130\transformed\play-services-basement-18.4.0\jars\classes.jar;C:\Users\User\.gradle\caches\8.10.2\transforms\652edadaa8e175a3682f11c457b40ac3\transformed\fragment-1.6.2\jars\classes.jar;C:\Users\User\.gradle\caches\8.10.2\transforms\fbdd6578654b8b2331cdf63867ba2382\transformed\activity-1.10.1\jars\classes.jar;C:\Users\User\.gradle\caches\8.10.2\transforms\67947fe85d2af6167edc3123a72c72a4\transformed\lifecycle-viewmodel-savedstate-2.8.7\jars\classes.jar;C:\Users\User\.gradle\caches\8.10.2\transforms\df14db8afabd64ee40736299cab2913e\transformed\lifecycle-service-2.8.7\jars\classes.jar;C:\Users\User\.gradle\caches\8.10.2\transforms\1af93fd8c4d516e1dab989e216d89f9a\transformed\lifecycle-process-2.8.7\jars\classes.jar;C:\Users\User\.gradle\caches\8.10.2\transforms\5851b85792d8206b95fa620be62d7864\transformed\lifecycle-viewmodel-ktx-2.8.7\jars\classes.jar;C:\Users\User\.gradle\caches\8.10.2\transforms\d86ecdde12569576043627c8a7916927\transformed\lifecycle-livedata-2.8.7\jars\classes.jar;C:\Users\User\.gradle\caches\8.10.2\transforms\aa5f6035b875c290d7d736f627863184\transformed\lifecycle-runtime-compose-release\jars\classes.jar;C:\Users\User\.gradle\caches\8.10.2\transforms\633e3e787588e27009c3778669b86aa3\transformed\lifecycle-runtime-ktx-release\jars\classes.jar;C:\Users\User\.gradle\caches\8.10.2\transforms\5ba86fdfea8bb2eaa96a9a5b5dc9b132\transformed\lifecycle-viewmodel-compose-release\jars\classes.jar;C:\Users\User\.gradle\caches\8.10.2\transforms\3bee5a6c3665ad3114eed504187346d0\transformed\material-icons-extended-release\jars\classes.jar;C:\Users\User\.gradle\caches\8.10.2\transforms\adf89c8eef2e246cb8eb190915178083\transformed\material-icons-core-release\jars\classes.jar;C:\Users\User\.gradle\caches\8.10.2\transforms\ef730eee684ff1574a62e139392213ee\transformed\ui-release\jars\classes.jar;C:\Users\User\.gradle\caches\8.10.2\transforms\5fab784820184a5d93be5593122a7ecc\transformed\activity-ktx-1.10.1\jars\classes.jar;C:\Users\User\.gradle\caches\8.10.2\transforms\62279416fb03d54875d2538ddd4d2a07\transformed\activity-compose-1.10.1\jars\classes.jar;C:\Users\User\.gradle\caches\8.10.2\transforms\5b296050829873d86ab53ca13c44b7c6\transformed\customview-poolingcontainer-1.0.0\jars\classes.jar;C:\Users\User\.gradle\caches\8.10.2\transforms\28c22c86a8d99ae63c8d87d03d610d70\transformed\facebook-bolts-18.0.2\jars\classes.jar;C:\Users\User\.gradle\caches\8.10.2\transforms\46cdbf8ff94d702ccf6f2e5acaa772b5\transformed\core-ktx-1.15.0\jars\classes.jar;C:\Users\User\.gradle\caches\8.10.2\transforms\b37249b937c5cfae177269f3a8b9d4df\transformed\googleid-1.1.0\jars\classes.jar;C:\Users\User\.gradle\caches\8.10.2\transforms\0899328a70ce77eb56585f7d67947551\transformed\cardview-1.0.0\jars\classes.jar;C:\Users\User\.gradle\caches\8.10.2\transforms\7a293d19f9235129964ec10c5f24675e\transformed\firebase-components-18.0.0\jars\classes.jar;C:\Users\User\.gradle\caches\8.10.2\transforms\cdddb3a66d1a9b231508733cc54bc6e1\transformed\cursoradapter-1.0.0\jars\classes.jar;C:\Users\User\.gradle\caches\8.10.2\transforms\9cfb760ae4e295d76faf1679b541dcc4\transformed\interpolator-1.0.0\jars\classes.jar;C:\Users\User\.gradle\caches\8.10.2\transforms\cc14309649e5e46e1609b7d8025bf641\transformed\profileinstaller-1.4.0\jars\classes.jar;C:\Users\User\.gradle\caches\8.10.2\transforms\7d8dcfe83bfa118907cb7f9680ff6a05\transformed\startup-runtime-1.1.1\jars\classes.jar;C:\Users\User\.gradle\caches\8.10.2\transforms\9b3fb1eec4a5e4ca1908f2bbce3ca461\transformed\tracing-1.2.0\jars\classes.jar;C:\Users\User\.gradle\caches\8.10.2\transforms\51eb55ee3bd37aa2f0c55a0b629002e2\transformed\versionedparcelable-1.1.1\jars\classes.jar;C:\Users\User\.gradle\caches\8.10.2\transforms\7bb1981353bc7cb5fee7baf9edb567a7\transformed\localbroadcastmanager-1.0.0\jars\classes.jar;C:\Users\User\.gradle\caches\8.10.2\transforms\fe039a77bdedf8bf45d9b2241927d042\transformed\core-runtime-2.2.0\jars\classes.jar;C:\Users\User\.gradle\caches\8.10.2\transforms\1b71a301a05c94ef6680f96c33d2b90e\transformed\documentfile-1.0.0\jars\classes.jar;C:\Users\User\.gradle\caches\8.10.2\transforms\bc43b5545efae1ced7693fd79f0b5236\transformed\print-1.0.0\jars\classes.jar;C:\Users\User\.gradle\caches\8.10.2\transforms\5c18ef011baabff2031948b12211e269\transformed\exifinterface-1.3.6\jars\classes.jar;C:\Users\User\.gradle\caches\8.10.2\transforms\fdbdf3cc0f317585b5e05d24b569427e\transformed\annotation-experimental-1.4.1\jars\classes.jar;C:\Users\User\.gradle\caches\8.10.2\transforms\e9ac663dc016203cdf0cf34ab61cfbde\transformed\core-viewtree-1.0.0\jars\classes.jar;C:\Users\User\.gradle\caches\8.10.2\transforms\44f04150ff9390810ffc58ca5aaa513b\transformed\grpc-android-1.62.2\jars\classes.jar;C:\Users\User\.gradle\caches\8.10.2\transforms\1843f3c5f18c224b54186e63f37dd60b\transformed\installreferrer-1.0\jars\classes.jar;C:\Users\User\.gradle\caches\8.10.2\transforms\cacf14a6859e38cdd4dab0be732778b0\transformed\protolite-well-known-types-18.0.1\jars\classes.jar;C:\Users\User\.gradle\caches\8.10.2\transforms\ba06e64ce45b0f12f42e08fcb3d3c572\transformed\core-common-2.0.3\jars\classes.jar;C:\Users\User\Downloads\vto 1\VTO\app\build\intermediates\compile_and_runtime_not_namespaced_r_class_jar\release\processReleaseResources\R.jar;C:\Users\User\.gradle\caches\8.10.2\transforms\5fe86a42e89da48a1c4b2e94dd5d4931\transformed\android.jar
Launcher Type: SUN_STANDARD

[Global flags]
     intx CICompilerCount                          = 12                                        {product} {ergonomic}
     uint ConcGCThreads                            = 3                                         {product} {ergonomic}
     uint G1ConcRefinementThreads                  = 13                                        {product} {ergonomic}
   size_t G1HeapRegionSize                         = 1048576                                   {product} {ergonomic}
    uintx GCDrainStackTargetSize                   = 64                                        {product} {ergonomic}
   size_t InitialHeapSize                          = 123731968                                 {product} {ergonomic}
   size_t MarkStackSize                            = 4194304                                   {product} {ergonomic}
   size_t MaxHeapSize                              = 536870912                                 {product} {command line}
   size_t MinHeapDeltaBytes                        = 1048576                                   {product} {ergonomic}
   size_t MinHeapSize                              = 8388608                                   {product} {ergonomic}
    uintx NonNMethodCodeHeapSize                   = 7602480                                {pd product} {ergonomic}
    uintx NonProfiledCodeHeapSize                  = 122027880                              {pd product} {ergonomic}
    uintx ProfiledCodeHeapSize                     = 122027880                              {pd product} {ergonomic}
    uintx ReservedCodeCacheSize                    = 251658240                              {pd product} {ergonomic}
     bool SegmentedCodeCache                       = true                                      {product} {ergonomic}
   size_t SoftMaxHeapSize                          = 536870912                              {manageable} {ergonomic}
     bool UseCompressedOops                        = true                           {product lp64_product} {ergonomic}
     bool UseG1GC                                  = true                                      {product} {ergonomic}
     bool UseLargePagesIndividualAllocation        = false                                  {pd product} {ergonomic}

Logging:
Log output configuration:
 #0: stdout all=warning uptime,level,tags foldmultilines=false
 #1: stderr all=off uptime,level,tags foldmultilines=false

Environment Variables:
JAVA_HOME=C:\Program Files\Java\jdk-24
CLASSPATH=C:\Users\User\Downloads\vto 1\VTO\\gradle\wrapper\gradle-wrapper.jar
PATH=C:\Program Files\NVIDIA GPU Computing Toolkit\CUDA\v12.1\bin;C:\Program Files\NVIDIA GPU Computing Toolkit\CUDA\v12.1\libnvvp;C:\Program Files\Common Files\Oracle\Java\javapath;C:\Program Files (x86)\Common Files\Oracle\Java\java8path;C:\Program Files (x86)\Common Files\Oracle\Java\javapath;C:\app\User\product\21c\dbhomeXE\bin;C:\Program Files\Python310\Scripts\;C:\Program Files\Python310\;C:\Windows\system32;C:\Windows;C:\Windows\System32\Wbem;C:\Windows\System32\WindowsPowerShell\v1.0\;C:\Windows\System32\OpenSSH\;C:\Program Files (x86)\NVIDIA Corporation\PhysX\Common;C:\Program Files\NVIDIA Corporation\NVIDIA NvDLISR;C:\Program Files\Microsoft SQL Server\150\Tools\Binn\;C:\Program Files\Microsoft SQL Server\Client SDK\ODBC\170\Tools\Binn\;C:\Program Files\dotnet\;C:\WINDOWS\system32;C:\WINDOWS;C:\WINDOWS\System32\Wbem;C:\WINDOWS\System32\WindowsPowerShell\v1.0\;C:\WINDOWS\System32\OpenSSH\;C:\Program Files\Git\cmd;C:\Users\Public\bin;C:\Users\User\bin;C:\Users\User\AppData\Roaming\Python\Python310\site-packages;C:\Users\User\AppData\Roaming\Python\Python310\Scripts;c:\Users\User\cursor\resources\app\bin;JAVA_HOME;;C:\WINDOWS\system32;C:\WINDOWS;C:\WINDOWS\System32\Wbem;C:\WINDOWS\System32\WindowsPowerShell\v1.0\;C:\WINDOWS\System32\OpenSSH\;C:\Program Files\NVIDIA Corporation\Nsight Compute 2023.1.0\;C:\Users\User\AppData\Local\Microsoft\WindowsApps;C:\Users\User\.dotnet\tools;C:\Users\User\AppData\Local\Programs\Microsoft VS Code\bin;C:\Users\User\cursor\resources\app\bin;
USERNAME=User
LANG=en_US.UTF-8
OS=Windows_NT
PROCESSOR_IDENTIFIER=AMD64 Family 25 Model 80 Stepping 0, AuthenticAMD
TMP=C:\Users\User\AppData\Local\Temp
TEMP=C:\Users\User\AppData\Local\Temp




Periodic native trim disabled

JNI global refs:
JNI global refs: 0, weak refs: 0

JNI global refs memory usage: 0, weak refs: 0

Process memory usage:
Resident Set Size: 12472K (0% of 7712836K total physical memory with 329180K free physical memory)

OOME stack traces (most recent first):
Classloader memory used:

---------------  S Y S T E M  ---------------

OS:
 Windows 11 , 64 bit Build 26100 (10.0.26100.3775)
OS uptime: 0 days 0:36 hours

CPU: total 16 (initial active 16) (16 cores per cpu, 2 threads per core) family 25 model 80 stepping 0 microcode 0xa50000c, cx8, cmov, fxsr, ht, mmx, 3dnowpref, sse, sse2, sse3, ssse3, sse4a, sse4.1, sse4.2, popcnt, lzcnt, tsc, tscinvbit, avx, avx2, aes, erms, clmul, bmi1, bmi2, adx, sha, fma, vzeroupper, clflush, clflushopt, rdtscp, rdpid, fsrm, f16c, pku, cet_ss
Processor Information for processor 0
  Max Mhz: 3201, Current Mhz: 3201, Mhz Limit: 3201
Processor Information for processor 1
  Max Mhz: 3201, Current Mhz: 3201, Mhz Limit: 3201
Processor Information for processor 2
  Max Mhz: 3201, Current Mhz: 3201, Mhz Limit: 3201
Processor Information for processor 3
  Max Mhz: 3201, Current Mhz: 3201, Mhz Limit: 3201
Processor Information for processor 4
  Max Mhz: 3201, Current Mhz: 3201, Mhz Limit: 3201
Processor Information for processor 5
  Max Mhz: 3201, Current Mhz: 1990, Mhz Limit: 3201
Processor Information for processor 6
  Max Mhz: 3201, Current Mhz: 3201, Mhz Limit: 3201
Processor Information for processor 7
  Max Mhz: 3201, Current Mhz: 1990, Mhz Limit: 3201
Processor Information for processor 8
  Max Mhz: 3201, Current Mhz: 3201, Mhz Limit: 3201
Processor Information for processor 9
  Max Mhz: 3201, Current Mhz: 3201, Mhz Limit: 3201
Processor Information for processor 10
  Max Mhz: 3201, Current Mhz: 3201, Mhz Limit: 3201
Processor Information for processor 11
  Max Mhz: 3201, Current Mhz: 3201, Mhz Limit: 3201
Processor Information for processor 12
  Max Mhz: 3201, Current Mhz: 3201, Mhz Limit: 3201
Processor Information for processor 13
  Max Mhz: 3201, Current Mhz: 3201, Mhz Limit: 3201
Processor Information for processor 14
  Max Mhz: 3201, Current Mhz: 3201, Mhz Limit: 3201
Processor Information for processor 15
  Max Mhz: 3201, Current Mhz: 1990, Mhz Limit: 3201

Memory: 4k page, system-wide physical 7532M (321M free)
TotalPageFile size 31084M (AvailPageFile size 115M)
current process WorkingSet (physical memory assigned to process): 12M, peak: 12M
current process commit charge ("private bytes"): 70M, peak: 188M

vm_info: OpenJDK 64-Bit Server VM (21.0.5+-12932927-b750.29) for windows-amd64 JRE (21.0.5+-12932927-b750.29), built on 2025-01-17T02:01:10Z by "builder" with MS VC++ 16.10 / 16.11 (VS2019)

END.
